<?xml version="1.0" encoding="UTF-8"?>
<!-- Generated by org.testng.reporters.JUnitReportReporter -->
<testsuite hostname="CLVITN-9PZ6M13" failures="0" tests="3" name="tests.HomePageTest" time="103.770" errors="0" timestamp="2023-03-16T12:15:38 IST" skipped="0">
  <testcase classname="tests.HomePageTest" name="verifyTitle" time="0.090"/>
  <system-out/>
  <testcase classname="tests.HomePageTest" name="verifySubscriptionPackageTypes" time="26.400"/>
  <system-out/>
  <testcase classname="tests.HomePageTest" name="verifyPriceAndCurrency" time="77.280"/>
  <system-out/>
</testsuite> <!-- tests.HomePageTest -->
